# JRE version: Java(TM) SE Runtime Environment (8.0_11-b12) (build 1.8.0_11-b12)
# Java VM: Java HotSpot(TM) 64-Bit Server VM (25.11-b03 mixed mode linux-amd64 compressed oops)
Heap:
 PSYoungGen      total 594432K, used 377224K [0x00000000d7400000, 0x0000000100000000, 0x0000000100000000)
  eden space 522240K, 62% used [0x00000000d7400000,0x00000000eb361150,0x00000000f7200000)
  from space 72192K, 69% used [0x00000000fb780000,0x00000000fe881220,0x00000000ffe00000)
  to   space 71168K, 0% used [0x00000000f7200000,0x00000000f7200000,0x00000000fb780000)
 ParOldGen       total 108544K, used 91273K [0x0000000085c00000, 0x000000008c600000, 0x00000000d7400000)
  object space 108544K, 84% used [0x0000000085c00000,0x000000008b522760,0x000000008c600000)
 Metaspace       used 90596K, capacity 95300K, committed 95616K, reserved 1132544K
  class space    used 12044K, capacity 12866K, committed 12928K, reserved 1048576K
GC Heap History (10 events):
Event: 108.927 GC heap before
{Heap before GC invocations=89 (full 8):
 PSYoungGen      total 595456K, used 579285K [0x00000000d7400000, 0x0000000100000000, 0x0000000100000000)
  eden space 525312K, 100% used [0x00000000d7400000,0x00000000f7500000,0x00000000f7500000)
  from space 70144K, 76% used [0x00000000fbb80000,0x00000000ff035710,0x0000000100000000)
  to   space 71168K, 0% used [0x00000000f7500000,0x00000000f7500000,0x00000000fba80000)
 ParOldGen       total 89088K, used 83301K [0x0000000085c00000, 0x000000008b300000, 0x00000000d7400000)
  object space 89088K, 93% used [0x0000000085c00000,0x000000008ad59570,0x000000008b300000)
 Metaspace       used 89600K, capacity 94172K, committed 94464K, reserved 1130496K
  class space    used 11929K, capacity 12754K, committed 12800K, reserved 1048576K
Event: 108.953 GC heap after
Heap after GC invocations=89 (full 8):
 PSYoungGen      total 580608K, used 54910K [0x00000000d7400000, 0x0000000100000000, 0x0000000100000000)
  eden space 525312K, 0% used [0x00000000d7400000,0x00000000d7400000,0x00000000f7500000)
  from space 55296K, 99% used [0x00000000f7500000,0x00000000faa9f848,0x00000000fab00000)
  to   space 72704K, 0% used [0x00000000fb900000,0x00000000fb900000,0x0000000100000000)
 ParOldGen       total 89088K, used 85409K [0x0000000085c00000, 0x000000008b300000, 0x00000000d7400000)
  object space 89088K, 95% used [0x0000000085c00000,0x000000008af685d0,0x000000008b300000)
 Metaspace       used 89600K, capacity 94172K, committed 94464K, reserved 1130496K
  class space    used 11929K, capacity 12754K, committed 12800K, reserved 1048576K
}
Event: 110.642 GC heap before
{Heap before GC invocations=90 (full 8):
 PSYoungGen      total 580608K, used 580222K [0x00000000d7400000, 0x0000000100000000, 0x0000000100000000)
  eden space 525312K, 100% used [0x00000000d7400000,0x00000000f7500000,0x00000000f7500000)
  from space 55296K, 99% used [0x00000000f7500000,0x00000000faa9f848,0x00000000fab00000)
  to   space 72704K, 0% used [0x00000000fb900000,0x00000000fb900000,0x0000000100000000)
 ParOldGen       total 89088K, used 85409K [0x0000000085c00000, 0x000000008b300000, 0x00000000d7400000)
  object space 89088K, 95% used [0x0000000085c00000,0x000000008af685d0,0x000000008b300000)
 Metaspace       used 89602K, capacity 94172K, committed 94464K, reserved 1130496K
  class space    used 11930K, capacity 12754K, committed 12800K, reserved 1048576K
Event: 110.670 GC heap after
Heap after GC invocations=90 (full 8):
 PSYoungGen      total 592896K, used 55813K [0x00000000d7400000, 0x0000000100000000, 0x0000000100000000)
  eden space 520192K, 0% used [0x00000000d7400000,0x00000000d7400000,0x00000000f7000000)
  from space 72704K, 76% used [0x00000000fb900000,0x00000000fef817c0,0x0000000100000000)
  to   space 73728K, 0% used [0x00000000f7000000,0x00000000f7000000,0x00000000fb800000)
 ParOldGen       total 89088K, used 86503K [0x0000000085c00000, 0x000000008b300000, 0x00000000d7400000)
  object space 89088K, 97% used [0x0000000085c00000,0x000000008b079cb0,0x000000008b300000)
 Metaspace       used 89602K, capacity 94172K, committed 94464K, reserved 1130496K
  class space    used 11930K, capacity 12754K, committed 12800K, reserved 1048576K
}
Event: 110.671 GC heap before
{Heap before GC invocations=91 (full 9):
 PSYoungGen      total 592896K, used 55813K [0x00000000d7400000, 0x0000000100000000, 0x0000000100000000)
  eden space 520192K, 0% used [0x00000000d7400000,0x00000000d7400000,0x00000000f7000000)
  from space 72704K, 76% used [0x00000000fb900000,0x00000000fef817c0,0x0000000100000000)
  to   space 73728K, 0% used [0x00000000f7000000,0x00000000f7000000,0x00000000fb800000)
 ParOldGen       total 89088K, used 86503K [0x0000000085c00000, 0x000000008b300000, 0x00000000d7400000)
  object space 89088K, 97% used [0x0000000085c00000,0x000000008b079cb0,0x000000008b300000)
 Metaspace       used 89602K, capacity 94172K, committed 94464K, reserved 1130496K
  class space    used 11930K, capacity 12754K, committed 12800K, reserved 1048576K
Event: 111.150 GC heap after
Heap after GC invocations=91 (full 9):
 PSYoungGen      total 592896K, used 48340K [0x00000000d7400000, 0x0000000100000000, 0x0000000100000000)
  eden space 520192K, 0% used [0x00000000d7400000,0x00000000d7400000,0x00000000f7000000)
  from space 72704K, 66% used [0x00000000fb900000,0x00000000fe835150,0x0000000100000000)
  to   space 73728K, 0% used [0x00000000f7000000,0x00000000f7000000,0x00000000fb800000)
 ParOldGen       total 108544K, used 88819K [0x0000000085c00000, 0x000000008c600000, 0x00000000d7400000)
  object space 108544K, 81% used [0x0000000085c00000,0x000000008b2bcc80,0x000000008c600000)
 Metaspace       used 89602K, capacity 94172K, committed 94464K, reserved 1130496K
  class space    used 11930K, capacity 12754K, committed 12800K, reserved 1048576K
}
Event: 112.334 GC heap before
{Heap before GC invocations=92 (full 9):
 PSYoungGen      total 592896K, used 568532K [0x00000000d7400000, 0x0000000100000000, 0x0000000100000000)
  eden space 520192K, 100% used [0x00000000d7400000,0x00000000f7000000,0x00000000f7000000)
  from space 72704K, 66% used [0x00000000fb900000,0x00000000fe835150,0x0000000100000000)
  to   space 73728K, 0% used [0x00000000f7000000,0x00000000f7000000,0x00000000fb800000)
 ParOldGen       total 108544K, used 88819K [0x0000000085c00000, 0x000000008c600000, 0x00000000d7400000)
  object space 108544K, 81% used [0x0000000085c00000,0x000000008b2bcc80,0x000000008c600000)
 Metaspace       used 89602K, capacity 94172K, committed 94464K, reserved 1130496K
  class space    used 11930K, capacity 12754K, committed 12800K, reserved 1048576K
Event: 112.373 GC heap after
Heap after GC invocations=92 (full 9):
 PSYoungGen      total 570880K, used 50468K [0x00000000d7400000, 0x00000000ffe00000, 0x0000000100000000)
  eden space 520192K, 0% used [0x00000000d7400000,0x00000000d7400000,0x00000000f7000000)
  from space 50688K, 99% used [0x00000000f7000000,0x00000000fa149280,0x00000000fa180000)
  to   space 72192K, 0% used [0x00000000fb780000,0x00000000fb780000,0x00000000ffe00000)
 ParOldGen       total 108544K, used 90131K [0x0000000085c00000, 0x000000008c600000, 0x00000000d7400000)
  object space 108544K, 83% used [0x0000000085c00000,0x000000008b404d10,0x000000008c600000)
 Metaspace       used 89602K, capacity 94172K, committed 94464K, reserved 1130496K
  class space    used 11930K, capacity 12754K, committed 12800K, reserved 1048576K
}
Event: 114.118 GC heap before
{Heap before GC invocations=93 (full 9):
 PSYoungGen      total 570880K, used 570660K [0x00000000d7400000, 0x00000000ffe00000, 0x0000000100000000)
  eden space 520192K, 100% used [0x00000000d7400000,0x00000000f7000000,0x00000000f7000000)
  from space 50688K, 99% used [0x00000000f7000000,0x00000000fa149280,0x00000000fa180000)
  to   space 72192K, 0% used [0x00000000fb780000,0x00000000fb780000,0x00000000ffe00000)
 ParOldGen       total 108544K, used 90131K [0x0000000085c00000, 0x000000008c600000, 0x00000000d7400000)
  object space 108544K, 83% used [0x0000000085c00000,0x000000008b404d10,0x000000008c600000)
 Metaspace       used 89602K, capacity 94172K, committed 94464K, reserved 1130496K
  class space    used 11930K, capacity 12754K, committed 12800K, reserved 1048576K
Event: 114.154 GC heap after
Heap after GC invocations=93 (full 9):
 PSYoungGen      total 594432K, used 50180K [0x00000000d7400000, 0x0000000100000000, 0x0000000100000000)
  eden space 522240K, 0% used [0x00000000d7400000,0x00000000d7400000,0x00000000f7200000)
  from space 72192K, 69% used [0x00000000fb780000,0x00000000fe881220,0x00000000ffe00000)
  to   space 71168K, 0% used [0x00000000f7200000,0x00000000f7200000,0x00000000fb780000)
 ParOldGen       total 108544K, used 91273K [0x0000000085c00000, 0x000000008c600000, 0x00000000d7400000)
  object space 108544K, 84% used [0x0000000085c00000,0x000000008b522760,0x000000008c600000)
 Metaspace       used 89602K, capacity 94172K, committed 94464K, reserved 1130496K
  class space    used 11930K, capacity 12754K, committed 12800K, reserved 1048576K
}

